# JRE version: Java(TM) SE Runtime Environment (8.0-b132) (build 1.8.0-b132)
# Java VM: Java HotSpot(TM) 64-Bit Server VM (25.0-b70 mixed mode windows-amd64 compressed oops)
Heap:
 PSYoungGen      total 29184K, used 12378K [0x00000000eb400000, 0x00000000ed380000, 0x0000000100000000)
  eden space 27648K, 39% used [0x00000000eb400000,0x00000000ebebdde0,0x00000000ecf00000)
  from space 1536K, 89% used [0x00000000ed100000,0x00000000ed258db8,0x00000000ed280000)
  to   space 2048K, 0% used [0x00000000ecf00000,0x00000000ecf00000,0x00000000ed100000)
 ParOldGen       total 64000K, used 4572K [0x00000000c1c00000, 0x00000000c5a80000, 0x00000000eb400000)
  object space 64000K, 7% used [0x00000000c1c00000,0x00000000c20771c0,0x00000000c5a80000)
 Metaspace       used 15950K, capacity 16150K, committed 16384K, reserved 1062912K
  class space    used 1913K, capacity 1957K, committed 2048K, reserved 1048576K
GC Heap History (10 events):
Event: 3.497 GC heap before
{Heap before GC invocations=14 (full 0):
 PSYoungGen      total 11776K, used 11774K [0x00000000eb400000, 0x00000000ec800000, 0x0000000100000000)
  eden space 10752K, 100% used [0x00000000eb400000,0x00000000ebe80000,0x00000000ebe80000)
  from space 1024K, 99% used [0x00000000ebe80000,0x00000000ebf7fb88,0x00000000ebf80000)
  to   space 1536K, 0% used [0x00000000ec680000,0x00000000ec680000,0x00000000ec800000)
 ParOldGen       total 64000K, used 2530K [0x00000000c1c00000, 0x00000000c5a80000, 0x00000000eb400000)
  object space 64000K, 3% used [0x00000000c1c00000,0x00000000c1e789e0,0x00000000c5a80000)
 Metaspace       used 9334K, capacity 9490K, committed 9600K, reserved 1058816K
  class space    used 1117K, capacity 1151K, committed 1152K, reserved 1048576K
Event: 3.531 GC heap after
Heap after GC invocations=14 (full 0):
 PSYoungGen      total 18944K, used 704K [0x00000000eb400000, 0x00000000ec800000, 0x0000000100000000)
  eden space 17408K, 0% used [0x00000000eb400000,0x00000000eb400000,0x00000000ec500000)
  from space 1536K, 45% used [0x00000000ec680000,0x00000000ec730000,0x00000000ec800000)
  to   space 1536K, 0% used [0x00000000ec500000,0x00000000ec500000,0x00000000ec680000)
 ParOldGen       total 64000K, used 2903K [0x00000000c1c00000, 0x00000000c5a80000, 0x00000000eb400000)
  object space 64000K, 4% used [0x00000000c1c00000,0x00000000c1ed5df0,0x00000000c5a80000)
 Metaspace       used 9334K, capacity 9490K, committed 9600K, reserved 1058816K
  class space    used 1117K, capacity 1151K, committed 1152K, reserved 1048576K
}
Event: 3.888 GC heap before
{Heap before GC invocations=15 (full 0):
 PSYoungGen      total 18944K, used 18111K [0x00000000eb400000, 0x00000000ec800000, 0x0000000100000000)
  eden space 17408K, 99% used [0x00000000eb400000,0x00000000ec4fffb8,0x00000000ec500000)
  from space 1536K, 45% used [0x00000000ec680000,0x00000000ec730000,0x00000000ec800000)
  to   space 1536K, 0% used [0x00000000ec500000,0x00000000ec500000,0x00000000ec680000)
 ParOldGen       total 64000K, used 2903K [0x00000000c1c00000, 0x00000000c5a80000, 0x00000000eb400000)
  object space 64000K, 4% used [0x00000000c1c00000,0x00000000c1ed5df0,0x00000000c5a80000)
 Metaspace       used 10200K, capacity 10392K, committed 10496K, reserved 1058816K
  class space    used 1237K, capacity 1280K, committed 1280K, reserved 1048576K
Event: 3.894 GC heap after
Heap after GC invocations=15 (full 0):
 PSYoungGen      total 18944K, used 1488K [0x00000000eb400000, 0x00000000ed280000, 0x0000000100000000)
  eden space 17408K, 0% used [0x00000000eb400000,0x00000000eb400000,0x00000000ec500000)
  from space 1536K, 96% used [0x00000000ec500000,0x00000000ec674270,0x00000000ec680000)
  to   space 1536K, 0% used [0x00000000ed100000,0x00000000ed100000,0x00000000ed280000)
 ParOldGen       total 64000K, used 3247K [0x00000000c1c00000, 0x00000000c5a80000, 0x00000000eb400000)
  object space 64000K, 5% used [0x00000000c1c00000,0x00000000c1f2bdf0,0x00000000c5a80000)
 Metaspace       used 10200K, capacity 10392K, committed 10496K, reserved 1058816K
  class space    used 1237K, capacity 1280K, committed 1280K, reserved 1048576K
}
Event: 4.598 GC heap before
{Heap before GC invocations=16 (full 0):
 PSYoungGen      total 18944K, used 18896K [0x00000000eb400000, 0x00000000ed280000, 0x0000000100000000)
  eden space 17408K, 100% used [0x00000000eb400000,0x00000000ec500000,0x00000000ec500000)
  from space 1536K, 96% used [0x00000000ec500000,0x00000000ec674270,0x00000000ec680000)
  to   space 1536K, 0% used [0x00000000ed100000,0x00000000ed100000,0x00000000ed280000)
 ParOldGen       total 64000K, used 3247K [0x00000000c1c00000, 0x00000000c5a80000, 0x00000000eb400000)
  object space 64000K, 5% used [0x00000000c1c00000,0x00000000c1f2bdf0,0x00000000c5a80000)
 Metaspace       used 13656K, capacity 13848K, committed 13952K, reserved 1060864K
  class space    used 1629K, capacity 1664K, committed 1664K, reserved 1048576K
Event: 4.623 GC heap after
Heap after GC invocations=16 (full 0):
 PSYoungGen      total 29184K, used 1473K [0x00000000eb400000, 0x00000000ed380000, 0x0000000100000000)
  eden space 27648K, 0% used [0x00000000eb400000,0x00000000eb400000,0x00000000ecf00000)
  from space 1536K, 95% used [0x00000000ed100000,0x00000000ed270658,0x00000000ed280000)
  to   space 2048K, 0% used [0x00000000ecf00000,0x00000000ecf00000,0x00000000ed100000)
 ParOldGen       total 64000K, used 3872K [0x00000000c1c00000, 0x00000000c5a80000, 0x00000000eb400000)
  object space 64000K, 6% used [0x00000000c1c00000,0x00000000c1fc8020,0x00000000c5a80000)
 Metaspace       used 13656K, capacity 13848K, committed 13952K, reserved 1060864K
  class space    used 1629K, capacity 1664K, committed 1664K, reserved 1048576K
}
Event: 4.922 GC heap before
{Heap before GC invocations=17 (full 0):
 PSYoungGen      total 29184K, used 29121K [0x00000000eb400000, 0x00000000ed380000, 0x0000000100000000)
  eden space 27648K, 100% used [0x00000000eb400000,0x00000000ecf00000,0x00000000ecf00000)
  from space 1536K, 95% used [0x00000000ed100000,0x00000000ed270658,0x00000000ed280000)
  to   space 2048K, 0% used [0x00000000ecf00000,0x00000000ecf00000,0x00000000ed100000)
 ParOldGen       total 64000K, used 3872K [0x00000000c1c00000, 0x00000000c5a80000, 0x00000000eb400000)
  object space 64000K, 6% used [0x00000000c1c00000,0x00000000c1fc8020,0x00000000c5a80000)
 Metaspace       used 13905K, capacity 14078K, committed 14336K, reserved 1062912K
  class space    used 1665K, capacity 1697K, committed 1792K, reserved 1048576K
Event: 4.924 GC heap after
Heap after GC invocations=17 (full 0):
 PSYoungGen      total 29696K, used 384K [0x00000000eb400000, 0x00000000ed380000, 0x0000000100000000)
  eden space 27648K, 0% used [0x00000000eb400000,0x00000000eb400000,0x00000000ecf00000)
  from space 2048K, 18% used [0x00000000ecf00000,0x00000000ecf60000,0x00000000ed100000)
  to   space 1536K, 0% used [0x00000000ed100000,0x00000000ed100000,0x00000000ed280000)
 ParOldGen       total 64000K, used 4448K [0x00000000c1c00000, 0x00000000c5a80000, 0x00000000eb400000)
  object space 64000K, 6% used [0x00000000c1c00000,0x00000000c2058050,0x00000000c5a80000)
 Metaspace       used 13905K, capacity 14078K, committed 14336K, reserved 1062912K
  class space    used 1665K, capacity 1697K, committed 1792K, reserved 1048576K
}
Event: 5.397 GC heap before
{Heap before GC invocations=18 (full 0):
 PSYoungGen      total 29696K, used 28032K [0x00000000eb400000, 0x00000000ed380000, 0x0000000100000000)
  eden space 27648K, 100% used [0x00000000eb400000,0x00000000ecf00000,0x00000000ecf00000)
  from space 2048K, 18% used [0x00000000ecf00000,0x00000000ecf60000,0x00000000ed100000)
  to   space 1536K, 0% used [0x00000000ed100000,0x00000000ed100000,0x00000000ed280000)
 ParOldGen       total 64000K, used 4448K [0x00000000c1c00000, 0x00000000c5a80000, 0x00000000eb400000)
  object space 64000K, 6% used [0x00000000c1c00000,0x00000000c2058050,0x00000000c5a80000)
 Metaspace       used 15241K, capacity 15376K, committed 15744K, reserved 1062912K
  class space    used 1812K, capacity 1828K, committed 1920K, reserved 1048576K
Event: 5.400 GC heap after
Heap after GC invocations=18 (full 0):
 PSYoungGen      total 29184K, used 1379K [0x00000000eb400000, 0x00000000ed380000, 0x0000000100000000)
  eden space 27648K, 0% used [0x00000000eb400000,0x00000000eb400000,0x00000000ecf00000)
  from space 1536K, 89% used [0x00000000ed100000,0x00000000ed258db8,0x00000000ed280000)
  to   space 2048K, 0% used [0x00000000ecf00000,0x00000000ecf00000,0x00000000ed100000)
 ParOldGen       total 64000K, used 4572K [0x00000000c1c00000, 0x00000000c5a80000, 0x00000000eb400000)
  object space 64000K, 7% used [0x00000000c1c00000,0x00000000c20771c0,0x00000000c5a80000)
 Metaspace       used 15241K, capacity 15376K, committed 15744K, reserved 1062912K
  class space    used 1812K, capacity 1828K, committed 1920K, reserved 1048576K
}

