# JRE version: Java(TM) SE Runtime Environment (8.0_05-b13) (build 1.8.0_05-b13)
# Java VM: Java HotSpot(TM) 64-Bit Server VM (25.5-b02 mixed mode windows-amd64 compressed oops)
Heap:
 PSYoungGen      total 232960K, used 50082K [0x00000000eab00000, 0x0000000100000000, 0x0000000100000000)
  eden space 116736K, 42% used [0x00000000eab00000,0x00000000edbe8828,0x00000000f1d00000)
  from space 116224K, 0% used [0x00000000f1d00000,0x00000000f1d00000,0x00000000f8e80000)
  to   space 116224K, 0% used [0x00000000f8e80000,0x00000000f8e80000,0x0000000100000000)
 ParOldGen       total 699392K, used 699365K [0x00000000c0000000, 0x00000000eab00000, 0x00000000eab00000)
  object space 699392K, 99% used [0x00000000c0000000,0x00000000eaaf94c8,0x00000000eab00000)
 Metaspace       used 84743K, capacity 85428K, committed 85632K, reserved 1126400K
  class space    used 7495K, capacity 7790K, committed 7808K, reserved 1048576K
GC Heap History (10 events):
Event: 1488.897 GC heap before
{Heap before GC invocations=20 (full 5):
 PSYoungGen      total 232960K, used 81225K [0x00000000eab00000, 0x0000000100000000, 0x0000000100000000)
  eden space 116736K, 69% used [0x00000000eab00000,0x00000000efa52518,0x00000000f1d00000)
  from space 116224K, 0% used [0x00000000f8e80000,0x00000000f8e80000,0x0000000100000000)
  to   space 116224K, 0% used [0x00000000f1d00000,0x00000000f1d00000,0x00000000f8e80000)
 ParOldGen       total 699392K, used 608564K [0x00000000c0000000, 0x00000000eab00000, 0x00000000eab00000)
  object space 699392K, 87% used [0x00000000c0000000,0x00000000e524d128,0x00000000eab00000)
 Metaspace       used 84744K, capacity 85452K, committed 85632K, reserved 1126400K
  class space    used 7498K, capacity 7795K, committed 7808K, reserved 1048576K
Event: 1488.989 GC heap after
Heap after GC invocations=20 (full 5):
 PSYoungGen      total 232960K, used 34795K [0x00000000eab00000, 0x0000000100000000, 0x0000000100000000)
  eden space 116736K, 0% used [0x00000000eab00000,0x00000000eab00000,0x00000000f1d00000)
  from space 116224K, 29% used [0x00000000f1d00000,0x00000000f3efafe0,0x00000000f8e80000)
  to   space 116224K, 0% used [0x00000000f8e80000,0x00000000f8e80000,0x0000000100000000)
 ParOldGen       total 699392K, used 608564K [0x00000000c0000000, 0x00000000eab00000, 0x00000000eab00000)
  object space 699392K, 87% used [0x00000000c0000000,0x00000000e524d128,0x00000000eab00000)
 Metaspace       used 84744K, capacity 85452K, committed 85632K, reserved 1126400K
  class space    used 7498K, capacity 7795K, committed 7808K, reserved 1048576K
}
Event: 1488.989 GC heap before
{Heap before GC invocations=21 (full 6):
 PSYoungGen      total 232960K, used 34795K [0x00000000eab00000, 0x0000000100000000, 0x0000000100000000)
  eden space 116736K, 0% used [0x00000000eab00000,0x00000000eab00000,0x00000000f1d00000)
  from space 116224K, 29% used [0x00000000f1d00000,0x00000000f3efafe0,0x00000000f8e80000)
  to   space 116224K, 0% used [0x00000000f8e80000,0x00000000f8e80000,0x0000000100000000)
 ParOldGen       total 699392K, used 608564K [0x00000000c0000000, 0x00000000eab00000, 0x00000000eab00000)
  object space 699392K, 87% used [0x00000000c0000000,0x00000000e524d128,0x00000000eab00000)
 Metaspace       used 84744K, capacity 85452K, committed 85632K, reserved 1126400K
  class space    used 7498K, capacity 7795K, committed 7808K, reserved 1048576K
Event: 1494.281 GC heap after
Heap after GC invocations=21 (full 6):
 PSYoungGen      total 232960K, used 0K [0x00000000eab00000, 0x0000000100000000, 0x0000000100000000)
  eden space 116736K, 0% used [0x00000000eab00000,0x00000000eab00000,0x00000000f1d00000)
  from space 116224K, 0% used [0x00000000f1d00000,0x00000000f1d00000,0x00000000f8e80000)
  to   space 116224K, 0% used [0x00000000f8e80000,0x00000000f8e80000,0x0000000100000000)
 ParOldGen       total 699392K, used 627684K [0x00000000c0000000, 0x00000000eab00000, 0x00000000eab00000)
  object space 699392K, 89% used [0x00000000c0000000,0x00000000e64f9340,0x00000000eab00000)
 Metaspace       used 84734K, capacity 85440K, committed 85632K, reserved 1126400K
  class space    used 7496K, capacity 7792K, committed 7808K, reserved 1048576K
}
Event: 1494.788 GC heap before
{Heap before GC invocations=22 (full 7):
 PSYoungGen      total 232960K, used 111419K [0x00000000eab00000, 0x0000000100000000, 0x0000000100000000)
  eden space 116736K, 95% used [0x00000000eab00000,0x00000000f17ceee8,0x00000000f1d00000)
  from space 116224K, 0% used [0x00000000f1d00000,0x00000000f1d00000,0x00000000f8e80000)
  to   space 116224K, 0% used [0x00000000f8e80000,0x00000000f8e80000,0x0000000100000000)
 ParOldGen       total 699392K, used 627684K [0x00000000c0000000, 0x00000000eab00000, 0x00000000eab00000)
  object space 699392K, 89% used [0x00000000c0000000,0x00000000e64f9340,0x00000000eab00000)
 Metaspace       used 84734K, capacity 85440K, committed 85632K, reserved 1126400K
  class space    used 7496K, capacity 7792K, committed 7808K, reserved 1048576K
Event: 1499.127 GC heap after
Heap after GC invocations=22 (full 7):
 PSYoungGen      total 232960K, used 0K [0x00000000eab00000, 0x0000000100000000, 0x0000000100000000)
  eden space 116736K, 0% used [0x00000000eab00000,0x00000000eab00000,0x00000000f1d00000)
  from space 116224K, 0% used [0x00000000f1d00000,0x00000000f1d00000,0x00000000f8e80000)
  to   space 116224K, 0% used [0x00000000f8e80000,0x00000000f8e80000,0x0000000100000000)
 ParOldGen       total 699392K, used 687400K [0x00000000c0000000, 0x00000000eab00000, 0x00000000eab00000)
  object space 699392K, 98% used [0x00000000c0000000,0x00000000e9f4a0f0,0x00000000eab00000)
 Metaspace       used 84734K, capacity 85440K, committed 85632K, reserved 1126400K
  class space    used 7496K, capacity 7792K, committed 7808K, reserved 1048576K
}
Event: 1499.167 GC heap before
{Heap before GC invocations=23 (full 8):
 PSYoungGen      total 232960K, used 14014K [0x00000000eab00000, 0x0000000100000000, 0x0000000100000000)
  eden space 116736K, 12% used [0x00000000eab00000,0x00000000eb8af8a0,0x00000000f1d00000)
  from space 116224K, 0% used [0x00000000f1d00000,0x00000000f1d00000,0x00000000f8e80000)
  to   space 116224K, 0% used [0x00000000f8e80000,0x00000000f8e80000,0x0000000100000000)
 ParOldGen       total 699392K, used 687400K [0x00000000c0000000, 0x00000000eab00000, 0x00000000eab00000)
  object space 699392K, 98% used [0x00000000c0000000,0x00000000e9f4a0f0,0x00000000eab00000)
 Metaspace       used 84734K, capacity 85440K, committed 85632K, reserved 1126400K
  class space    used 7496K, capacity 7792K, committed 7808K, reserved 1048576K
Event: 1504.355 GC heap after
Heap after GC invocations=23 (full 8):
 PSYoungGen      total 232960K, used 0K [0x00000000eab00000, 0x0000000100000000, 0x0000000100000000)
  eden space 116736K, 0% used [0x00000000eab00000,0x00000000eab00000,0x00000000f1d00000)
  from space 116224K, 0% used [0x00000000f1d00000,0x00000000f1d00000,0x00000000f8e80000)
  to   space 116224K, 0% used [0x00000000f8e80000,0x00000000f8e80000,0x0000000100000000)
 ParOldGen       total 699392K, used 698946K [0x00000000c0000000, 0x00000000eab00000, 0x00000000eab00000)
  object space 699392K, 99% used [0x00000000c0000000,0x00000000eaa90930,0x00000000eab00000)
 Metaspace       used 84731K, capacity 85434K, committed 85632K, reserved 1126400K
  class space    used 7496K, capacity 7791K, committed 7808K, reserved 1048576K
}
Event: 1504.882 GC heap before
{Heap before GC invocations=24 (full 9):
 PSYoungGen      total 232960K, used 63486K [0x00000000eab00000, 0x0000000100000000, 0x0000000100000000)
  eden space 116736K, 54% used [0x00000000eab00000,0x00000000ee8ffa28,0x00000000f1d00000)
  from space 116224K, 0% used [0x00000000f1d00000,0x00000000f1d00000,0x00000000f8e80000)
  to   space 116224K, 0% used [0x00000000f8e80000,0x00000000f8e80000,0x0000000100000000)
 ParOldGen       total 699392K, used 698946K [0x00000000c0000000, 0x00000000eab00000, 0x00000000eab00000)
  object space 699392K, 99% used [0x00000000c0000000,0x00000000eaa90930,0x00000000eab00000)
 Metaspace       used 84746K, capacity 85434K, committed 85632K, reserved 1126400K
  class space    used 7496K, capacity 7791K, committed 7808K, reserved 1048576K
Event: 1509.424 GC heap after
Heap after GC invocations=24 (full 9):
 PSYoungGen      total 232960K, used 46603K [0x00000000eab00000, 0x0000000100000000, 0x0000000100000000)
  eden space 116736K, 39% used [0x00000000eab00000,0x00000000ed882e38,0x00000000f1d00000)
  from space 116224K, 0% used [0x00000000f1d00000,0x00000000f1d00000,0x00000000f8e80000)
  to   space 116224K, 0% used [0x00000000f8e80000,0x00000000f8e80000,0x0000000100000000)
 ParOldGen       total 699392K, used 699365K [0x00000000c0000000, 0x00000000eab00000, 0x00000000eab00000)
  object space 699392K, 99% used [0x00000000c0000000,0x00000000eaaf94c8,0x00000000eab00000)
 Metaspace       used 84742K, capacity 85428K, committed 85632K, reserved 1126400K
  class space    used 7495K, capacity 7790K, committed 7808K, reserved 1048576K
}

